<?xml version="1.0" encoding="UTF-8"?>
<!-- Generated by org.testng.reporters.JUnitReportReporter -->
<testsuite skipped="1" hostname="NTimilsi-Win10L" name="ShopStarProdTest.SS1_Banner_Test" tests="1" failures="0" timestamp="2020-02-03T09:13:10 CST" time="0.000" errors="0">
  <testcase name="SS1_BannerTest" time="0.000" classname="ShopStarProdTest.SS1_Banner_Test">
    <skipped/>
  </testcase> <!-- SS1_BannerTest -->
  <system-out/>
</testsuite> <!-- ShopStarProdTest.SS1_Banner_Test -->
