<?xml version="1.0" encoding="UTF-8"?>
<!-- Generated by org.testng.reporters.JUnitReportReporter -->
<testsuite skipped="0" hostname="NTimilsi-Win10L" name="ShopStarProdTest.SS1_Banner_Test" tests="1" failures="0" timestamp="2020-02-03T11:25:56 CST" time="28.174" errors="0">
  <testcase name="SS1_BannerTest" time="28.174" classname="ShopStarProdTest.SS1_Banner_Test"/>
  <system-out>
Privacy cookie is Present Privacy cookie is Present Privacy cookie is Present Current date and time is 02/03/2020 11:25:38 Get Title is:  Spectrum Current URL is: https://www.halo.com/privacy-policy.aspx  </system-out>
</testsuite> <!-- ShopStarProdTest.SS1_Banner_Test -->
